  Checking Build System
  ### Building Yadoms 2.0.0-rc.6 ###
  
  System Name = Windows
  CMake does not need to re-run because C:/yadoms/projects/CMakeFiles/generate.stamp is up-to-date.
  CMake does not need to re-run because C:/yadoms/projects/external-libs/CMakeFiles/generate.stamp is up-to-date.
  CMake does not need to re-run because C:/yadoms/projects/external-libs/SQLite/CMakeFiles/generate.stamp is up-to-date.
  CMake is re-running because C:/yadoms/projects/shared/CMakeFiles/generate.stamp is out-of-date.
    the file 'C:/yadoms/sources/shared/CMakeLists.txt'
    is newer than 'C:/yadoms/projects/shared/CMakeFiles/generate.stamp.depend'
    result='-1'
  -- Compiler = MSVC
  -- Compiler Version = 19.10.25019.0
  -- cotire 1.7.9 loaded.
  -- MSVC: using statically-linked runtime (/MT and /MTd).
  -- Boost version: 1.64.0
  -- Found the following Boost libraries:
  --   atomic
  --   system
  --   filesystem
  --   thread
  --   date_time
  --   chrono
  --   regex
  -- Poco package version: 1.7.8
  -- Found the following Poco libraries:
  --   PocoUtil
  --   PocoNetSSL
  --   PocoCrypto
  --   PocoZip
  --   PocoXML
  --   PocoNet
  --   PocoJSON
  --   PocoFoundation
  CMake Warning at CMakeLists.txt:855 (message):
    PostgreSQL not found.  Only SQLite will be available
  
  
  -- Could NOT find PostgreSQL (missing: PostgreSQL_LIBRARY PostgreSQL_INCLUDE_DIR PostgreSQL_TYPE_INCLUDE_DIR) (Required is exact version "9.6")
  -- Found plugin EnOcean
  -- Found plugin FreeMobileSMS
  -- Found plugin IPX800
  -- Found plugin Linky
  -- Found plugin MailSender
  -- Found plugin MegatecUps
  -- Found plugin OneWire
  -- Found plugin OrangeBusiness
  -- CXX RC target OrangeBusiness cotired.
  -- Found plugin Piface2
  -- Found plugin RfPlayer
  -- Found plugin RfxLanXpl
  -- Found plugin Rfxcom
  -- Found plugin Sigfox
  -- Found plugin SmsDialer
  CMake Warning at plugins/SmsDialer/CMakeLists.txt:66 (message):
  -- Found plugin SystemInformation
    smsDialer plugin is not available.  Gammu is Missing
  
  
  -- Found plugin TeleInfo
  -- Found plugin WES
  -- Found plugin WeatherUnderGround
  -- Found plugin ZWave
  -- Found plugin dev-EmptyPlugin
  --   (dev-emptyPlugin is a dev plugin, it won't be installed)
  -- Found plugin dev-FakePlugin
  --   (dev-fakePlugin is a dev plugin, it won't be installed)
  -- Found script interpreter yPython27
  CMake Warning at cmake/analysis.cmake:14 (message):
    Suitable CppCheck not found, skip analysis solution generation
  Call Stack (most recent call first):
    CMakeLists.txt:1294 (analyse)
  
  
  -- Configuring done
  -- Generating done
  -- Build files have been written to: C:/yadoms/projects
